<?xml version='1.0' encoding='UTF-8'?>
<testsuite hostname="alex-IdeaPad-L340-15IRH-Gaming" name="RegexParseTests" tests="32" errors="0" failures="0" skipped="0" time="2.852" timestamp="2022-11-12T16:54:49">
          <properties>
[...]
</properties>
          <testcase classname="RegexParseTests" name="single char (1p)" time="0.072">
                      
                    </testcase><testcase classname="RegexParseTests" name="single concat (1p)" time="0.024">
                      
                    </testcase><testcase classname="RegexParseTests" name="single union (1p)" time="0.016">
                      
                    </testcase><testcase classname="RegexParseTests" name="single star (1p)" time="0.008">
                      
                    </testcase><testcase classname="RegexParseTests" name="union concat 1 (2p)" time="0.019">
                      
                    </testcase><testcase classname="RegexParseTests" name="union concat 2 (2p)" time="0.008">
                      
                    </testcase><testcase classname="RegexParseTests" name="multiple union (3p)" time="0.023">
                      
                    </testcase><testcase classname="RegexParseTests" name="union concat with par 1 (3p)" time="0.013">
                      
                    </testcase><testcase classname="RegexParseTests" name="union concat with par 2 (3p)" time="0.012">
                      
                    </testcase><testcase classname="RegexParseTests" name="union star (2p)" time="0.012">
                      
                    </testcase><testcase classname="RegexParseTests" name="concat star (3p)" time="0.028">
                      
                    </testcase><testcase classname="RegexParseTests" name="complex union concat (6p)" time="0.028">
                      
                    </testcase><testcase classname="RegexParseTests" name="all basic 1 (6p)" time="0.013">
                      
                    </testcase><testcase classname="RegexParseTests" name="all basic 2 (6p)" time="0.018">
                      
                    </testcase><testcase classname="RegexParseTests" name="all basic 3 (6p)" time="0.014">
                      
                    </testcase><testcase classname="RegexParseTests" name="all basic 4 (6p)" time="0.017">
                      
                    </testcase><testcase classname="RegexParseTests" name="all basic 5 (6p)" time="0.02">
                      
                    </testcase><testcase classname="RegexParseTests" name="all basic 6 (6p)" time="0.015">
                      
                    </testcase><testcase classname="RegexParseTests" name="all basic 7 (6p)" time="0.036">
                      
                    </testcase><testcase classname="RegexParseTests" name="eps (1p)" time="0.003">
                      
                    </testcase><testcase classname="RegexParseTests" name="escaped chars 1 (1p)" time="0.003">
                      
                    </testcase><testcase classname="RegexParseTests" name="escaped chars 2 (1p)" time="0.003">
                      
                    </testcase><testcase classname="RegexParseTests" name="0 to 9 (2p)" time="0.019">
                      
                    </testcase><testcase classname="RegexParseTests" name="a to z (2p)" time="0.095">
                      
                    </testcase><testcase classname="RegexParseTests" name="A to Z (2p)" time="0.084">
                      
                    </testcase><testcase classname="RegexParseTests" name="plus (1p)" time="0.004">
                      
                    </testcase><testcase classname="RegexParseTests" name="question mark (1p)" time="0.003">
                      
                    </testcase><testcase classname="RegexParseTests" name="q and p (1p)" time="0.009">
                      
                    </testcase><testcase classname="RegexParseTests" name="0 to 9 star (3p)" time="0.066">
                      
                    </testcase><testcase classname="RegexParseTests" name="squared ops (3p)" time="1.375">
                      
                    </testcase><testcase classname="RegexParseTests" name="complex (6p)" time="0.38">
                      
                    </testcase><testcase classname="RegexParseTests" name="all (6p)" time="0.412">
                      
                    </testcase>
          <system-out><![CDATA[]]></system-out>
          <system-err><![CDATA[]]></system-err>
        </testsuite>