<?xml version='1.0' encoding='UTF-8'?>
<testsuite hostname="Daemonrift" name="LexerTests" tests="10" errors="0" failures="1" skipped="0" time="0.186" timestamp="2022-10-21T10:11:03">
          <properties>
[...]
</properties>
          <testcase classname="LexerTests" name="Parsing a lexer spec 1" time="0.039">
                      
                    </testcase><testcase classname="LexerTests" name="Parsing a lexer spec 2" time="0.004">
                      
                    </testcase><testcase classname="LexerTests" name="Building a lexer nfa 1" time="0.042">
                      
                    </testcase><testcase classname="LexerTests" name="Building a lexer nfa 2" time="0.03">
                      
                    </testcase><testcase classname="LexerTests" name="Building a lexer dfa 1" time="0.025">
                      
                    </testcase><testcase classname="LexerTests" name="Building a lexer dfa 2" time="0.011">
                      
                    </testcase><testcase classname="LexerTests" name="Building a lexer dfa 3" time="0.008">
                      
                    </testcase><testcase classname="LexerTests" name="Running the lexer basic test 1" time="0.01">
                      
                    </testcase><testcase classname="LexerTests" name="Running the lexer basic test 2" time="0.014">
                      
                    </testcase><testcase classname="LexerTests" name="ignore" time="0.003">
                      <failure message="List() (of class scala.collection.immutable.Nil$)" type="scala.MatchError">scala.MatchError: List() (of class scala.collection.immutable.Nil$)
	at Lexer$.aux$1(Lexer.scala:87)
	at Lexer$.findColon$1(Lexer.scala:92)
	at Lexer$.$anonfun$parseSpec$3(Lexer.scala:95)
	at scala.collection.ArrayOps$.map$extension(ArrayOps.scala:929)
	at Lexer$.parseSpec(Lexer.scala:95)
	at Lexer$.getNfaFromSpec(Lexer.scala:101)
	at Lexer$.apply(Lexer.scala:118)
	at LexerTests.$anonfun$new$48(LexerTests.scala:120)
	at scala.runtime.java8.JFunction0$mcV$sp.apply(JFunction0$mcV$sp.scala:18)
</failure>
                    </testcase>
          <system-out><![CDATA[]]></system-out>
          <system-err><![CDATA[]]></system-err>
        </testsuite>